[2013-03-18 12:37:54] START
[2013-03-18 19:05:00] EDIT try/controllers/default.py: 0
[2013-03-18 19:06:28] EDIT try/controllers/default.py: 0
[2013-03-18 19:07:00] EDIT try/controllers/default.py: 0
[2013-03-18 19:07:52] EDIT try/controllers/default.py: 0
[2013-03-18 20:56:20] EDIT try/models/db.py: 0
[2013-03-18 21:02:05] EDIT try/controllers/default.py: 1
[2013-03-18 21:02:37] EDIT try/controllers/default.py: -1
[2013-03-18 21:28:10] EDIT try/controllers/default.py: 0
[2013-03-19 11:19:45] EDIT try/controllers/default.py: 0
[2013-03-19 11:21:01] EDIT try/controllers/default.py: 0
[2013-03-20 23:27:53] EDIT try/models/db.py: 1
[2013-03-20 23:28:47] EDIT try/models/db.py: 1
[2013-03-23 19:14:28] EDIT try/controllers/default.py: 39
[2013-03-23 19:16:22] EDIT try/controllers/default.py: 0
[2013-03-23 19:20:03] EDIT try/controllers/default.py: 0
[2013-03-23 19:21:11] EDIT try/controllers/default.py: 0
[2013-03-23 19:24:00] EDIT try/controllers/default.py: 1
[2013-03-23 19:24:50] EDIT try/controllers/default.py: 0
[2013-03-23 19:26:21] EDIT try/controllers/default.py: 0
[2013-03-23 19:28:51] EDIT try/controllers/default.py: 0
[2013-03-23 19:28:53] EDIT try/controllers/default.py: 0
[2013-03-28 13:52:48] EDIT try/models/db.py: 0
[2013-03-28 19:07:20] EDIT final/models/db.py: 0
[2013-03-28 19:09:54] EDIT final/models/db.py: 0
[2013-03-28 19:18:32] EDIT final/models/db.py: 0
[2013-03-28 19:22:44] EDIT final/models/db.py: 0
[2013-03-28 19:24:02] EDIT final/models/db.py: 0
[2013-03-28 19:31:15] EDIT final/models/db.py: 0
[2013-03-28 19:32:47] EDIT final/models/db.py: 0
[2013-03-28 19:34:09] EDIT final/models/db.py: 1
[2013-03-28 19:35:52] EDIT final/models/db.py: 0
[2013-03-28 19:36:01] EDIT final/models/db.py: 0
[2013-03-28 19:36:49] EDIT final/models/db.py: 0
[2013-03-28 19:37:29] EDIT final/models/db.py: 1
[2013-03-28 21:31:04] EDIT final/models/db.py: 0
[2013-03-28 21:32:23] EDIT final/controllers/default.py: 0
[2013-03-28 21:32:49] EDIT final/controllers/default.py: 0
[2013-03-28 21:39:35] EDIT final/models/db.py: 0
[2013-03-28 21:53:12] EDIT final/controllers/default.py: 1
[2013-03-28 21:53:39] EDIT final/controllers/default.py: 0
[2013-03-28 21:53:57] EDIT final/controllers/default.py: 0
[2013-03-28 21:54:34] EDIT final/controllers/default.py: 0
[2013-03-28 21:54:37] EDIT final/controllers/default.py: 0
[2013-03-28 21:56:12] EDIT final/controllers/default.py: 0
[2013-03-28 22:01:16] EDIT final/controllers/default.py: 4
[2013-03-28 22:03:23] EDIT final/controllers/default.py: 0
[2013-03-28 22:03:37] EDIT final/controllers/default.py: 0
[2013-03-28 22:04:03] EDIT final/controllers/default.py: 0
[2013-03-28 22:04:58] EDIT final/controllers/default.py: 0
[2013-03-28 22:06:03] EDIT final/controllers/default.py: 0
[2013-03-28 22:06:27] EDIT final/controllers/default.py: 0
[2013-03-28 22:06:51] EDIT final/controllers/default.py: 0
[2013-03-28 22:06:58] EDIT final/controllers/default.py: 0
[2013-03-28 22:07:51] EDIT final/controllers/default.py: -5
[2013-03-28 22:11:49] EDIT final/controllers/default.py: 5
[2013-03-28 22:13:00] EDIT final/controllers/default.py: -5
[2013-03-28 22:14:04] EDIT final/controllers/default.py: 5
[2013-03-28 22:14:49] EDIT final/controllers/default.py: 0
[2013-03-28 22:15:47] CREATE default/x.html: 0
[2013-03-28 22:17:04] EDIT final/controllers/default.py: 0
[2013-03-28 22:18:25] EDIT final/controllers/default.py: -5
[2013-03-28 22:19:18] EDIT final/controllers/default.py: 1
[2013-03-28 22:19:29] EDIT final/controllers/default.py: 0
[2013-03-28 22:20:12] EDIT final/controllers/default.py: 0
[2013-03-28 22:21:00] EDIT final/controllers/default.py: 0
[2013-03-29 12:30:58] EDIT final/controllers/default.py: 0
[2013-03-29 12:35:05] EDIT final/views/default/index.html: 3
[2013-03-29 12:35:17] EDIT final/controllers/default.py: 0
[2013-03-29 12:47:06] EDIT final/views/default/index.html: 0
[2013-03-29 12:47:57] EDIT final/views/default/index.html: 0
[2013-03-29 12:48:40] EDIT final/views/default/index.html: 0
[2013-03-29 12:49:17] EDIT final/views/default/index.html: 0
[2013-03-29 12:49:40] EDIT final/views/default/index.html: 0
[2013-03-29 12:50:25] EDIT final/views/default/index.html: 0
[2013-03-29 12:51:17] EDIT final/views/default/index.html: 0
[2013-03-29 12:51:27] EDIT final/views/default/index.html: 0
[2013-03-29 12:52:02] EDIT final/views/default/index.html: 0
[2013-03-29 12:52:17] EDIT final/views/default/index.html: 0
[2013-03-29 12:52:34] EDIT final/views/default/index.html: 0
[2013-03-29 13:00:20] EDIT final/views/default/index.html: 0
[2013-03-29 13:01:46] EDIT final/views/default/index.html: 0
[2013-03-29 13:01:50] EDIT final/views/default/index.html: 0
[2013-03-29 13:02:00] EDIT final/views/default/index.html: 0
[2013-03-29 13:02:08] EDIT final/views/default/index.html: 0
[2013-03-29 13:02:23] EDIT final/views/default/index.html: 0
[2013-03-29 13:03:23] EDIT final/views/default/index.html: 0
[2013-03-29 13:03:39] EDIT final/views/default/index.html: 0
[2013-03-29 13:06:17] EDIT final/views/default/index.html: 0
[2013-03-29 13:08:30] EDIT final/views/default/index.html: 0
[2013-03-29 13:10:08] EDIT final/views/default/index.html: 0
[2013-03-29 13:10:13] EDIT final/views/default/index.html: 0
[2013-03-29 13:10:23] EDIT final/views/default/index.html: 0
[2013-03-29 13:25:34] EDIT final/views/default/index.html: 0
[2013-03-29 13:26:33] EDIT final/views/default/index.html: 0
[2013-03-29 13:27:01] EDIT final/views/default/index.html: 0
[2013-03-29 13:27:25] EDIT final/views/default/index.html: 0
[2013-03-29 13:29:55] CREATE default/messaging.html: 0
[2013-03-29 13:36:37] EDIT final/views/default/index.html: 0
[2013-03-29 13:39:10] EDIT final/controllers/default.py: 2
[2013-03-29 13:39:37] EDIT final/controllers/default.py: 0
[2013-03-29 13:39:51] EDIT final/controllers/default.py: 0
[2013-03-29 13:40:11] EDIT final/controllers/default.py: 0
[2013-03-29 13:40:35] EDIT final/controllers/default.py: 0
[2013-03-29 13:41:06] EDIT final/controllers/default.py: 0
[2013-03-29 13:41:21] EDIT final/controllers/default.py: 0
[2013-03-29 13:41:31] EDIT final/controllers/default.py: 0
[2013-03-29 13:42:07] EDIT final/controllers/default.py: 0
[2013-03-29 13:42:15] EDIT final/controllers/default.py: 0
[2013-03-29 13:42:30] EDIT final/controllers/default.py: 0
[2013-03-29 13:42:41] EDIT final/controllers/default.py: 0
[2013-03-29 13:42:59] EDIT final/controllers/default.py: 0
[2013-03-29 13:43:08] EDIT final/controllers/default.py: 0
[2013-03-29 13:43:11] EDIT final/controllers/default.py: 0
[2013-03-29 13:43:12] EDIT final/controllers/default.py: 0
[2013-03-29 13:43:12] EDIT final/controllers/default.py: 0
[2013-03-29 13:43:12] EDIT final/controllers/default.py: 0
[2013-03-29 13:43:12] EDIT final/controllers/default.py: 0
[2013-03-29 13:43:14] EDIT final/controllers/default.py: 0
[2013-03-29 13:43:31] EDIT final/controllers/default.py: 0
[2013-03-29 13:43:35] EDIT final/controllers/default.py: 0
[2013-03-29 13:43:50] EDIT final/controllers/default.py: 1
[2013-03-29 13:44:03] EDIT final/controllers/default.py: 0
[2013-03-29 13:44:17] EDIT final/controllers/default.py: -1
[2013-03-29 13:44:30] EDIT final/controllers/default.py: 0
[2013-03-29 13:44:46] EDIT final/controllers/default.py: 0
[2013-03-29 13:45:07] EDIT final/controllers/default.py: 0
[2013-03-29 13:45:09] EDIT final/controllers/default.py: 0
[2013-03-29 13:46:41] EDIT final/controllers/default.py: 0
[2013-03-29 13:47:19] EDIT final/controllers/default.py: 0
[2013-03-30 11:53:07] EDIT final/controllers/default.py: 1
[2013-03-30 11:59:06] EDIT final/views/default/messaging.html: 0
[2013-03-30 12:07:26] EDIT final/views/default/companymainpage.html: 2
[2013-03-30 12:09:09] EDIT final/views/default/companymainpage.html: 0
[2013-03-30 12:10:27] EDIT final/views/default/companymainpage.html: 0
[2013-03-30 12:11:14] EDIT final/views/default/companymainpage.html: 0
[2013-03-30 12:11:33] EDIT final/views/default/companymainpage.html: 0
[2013-03-30 12:12:24] EDIT final/views/default/companymainpage.html: 0
[2013-03-30 12:12:44] EDIT final/views/default/companymainpage.html: 0
[2013-03-30 12:16:42] EDIT final/views/default/companymainpage.html: 1
[2013-03-30 12:17:34] EDIT final/views/default/companymainpage.html: -1
[2013-03-30 12:17:41] EDIT final/views/default/companymainpage.html: 0
[2013-03-30 12:17:51] EDIT final/views/default/companymainpage.html: 0
[2013-03-30 12:21:32] EDIT final/views/default/studentsmainpage.html: 1
[2013-03-30 12:21:49] EDIT final/views/default/studentsmainpage.html: 1
[2013-03-30 12:23:49] EDIT final/controllers/default.py: 0
[2013-03-30 12:24:11] EDIT final/controllers/default.py: 0
[2013-03-30 12:24:28] EDIT final/models/db.py: 0
[2013-03-30 12:26:03] EDIT final/controllers/default.py: 0
[2013-03-30 12:32:01] EDIT final/models/db.py: 0
[2013-03-30 12:32:29] EDIT final/controllers/default.py: 0
[2013-03-30 12:32:48] EDIT final/controllers/default.py: 0
[2013-03-30 12:34:17] EDIT final/controllers/default.py: 0
[2013-03-30 12:37:06] EDIT final/models/db.py: 0
[2013-03-30 12:39:39] EDIT final/models/db.py: 0
[2013-03-30 12:43:14] EDIT final/controllers/default.py: 0
[2013-03-30 12:46:55] EDIT final/views/default/messaging.html: 6
[2013-03-30 12:47:21] EDIT final/views/default/messaging.html: 0
[2013-03-30 12:47:59] EDIT final/views/default/messaging.html: 0
[2013-03-30 12:48:06] EDIT final/views/default/messaging.html: -1
[2013-03-30 12:49:04] EDIT final/views/default/messaging.html: 1
[2013-03-30 12:51:07] EDIT final/views/default/messaging.html: 0
[2013-03-30 12:53:13] EDIT final/views/default/messaging.html: 0
[2013-03-30 14:19:36] EDIT final/views/default/buildingstudentprofile.html: 0
[2013-03-30 14:21:21] EDIT final/views/default/seeingstudentprofile.html: 0
[2013-03-30 14:23:10] EDIT final/views/default/seeingstudentprofile.html: 6
[2013-03-30 14:23:42] EDIT final/views/default/seeingstudentprofile.html: 0
[2013-03-30 14:25:24] EDIT final/views/default/seeingstudentprofile.html: 0
[2013-03-30 14:25:50] EDIT final/views/default/seeingstudentprofile.html: 0
[2013-03-30 14:26:42] EDIT final/views/default/seeingstudentprofile.html: 0
[2013-03-30 15:33:01] EDIT final/views/default/seeingstudentprofile.html: 1
[2013-03-30 15:36:40] EDIT final/views/default/seeingstudentprofile.html: -10
[2013-03-30 15:37:26] EDIT final/views/default/seeingstudentprofile.html: -12
[2013-03-31 13:05:42] EDIT final/controllers/default.py: 0
[2013-03-31 13:22:34] EDIT final/views/default/studentsmainpage.html: 0
[2013-03-31 13:26:50] EDIT final/views/default/studentsmainpage.html: 8
[2013-03-31 13:28:04] EDIT final/views/default/studentsmainpage.html: 0
[2013-03-31 13:28:52] EDIT final/views/default/studentsmainpage.html: 4
[2013-03-31 13:30:55] EDIT final/views/default/studentsmainpage.html: 1
[2013-03-31 13:32:53] EDIT final/views/default/studentsmainpage.html: 0
[2013-03-31 13:38:50] EDIT final/views/default/studentsmainpage.html: 0
[2013-03-31 13:39:22] EDIT final/views/default/studentsmainpage.html: 0
[2013-03-31 13:40:38] EDIT final/views/default/studentsmainpage.html: 0
[2013-03-31 13:42:28] EDIT final/views/default/studentsmainpage.html: -3
[2013-03-31 13:44:30] EDIT final/views/default/studentsmainpage.html: 0
[2013-03-31 13:45:34] EDIT final/views/default/studentsmainpage.html: 0
[2013-03-31 13:46:41] EDIT final/views/default/studentsmainpage.html: 1
[2013-03-31 13:47:05] EDIT final/views/default/studentsmainpage.html: 1
[2013-03-31 13:48:45] EDIT final/views/default/studentsmainpage.html: 4
[2013-03-31 13:49:16] EDIT final/views/default/studentsmainpage.html: 1
[2013-03-31 13:49:37] EDIT final/views/default/studentsmainpage.html: 2
[2013-03-31 13:51:07] EDIT final/views/default/studentsmainpage.html: 4
[2013-03-31 13:51:46] EDIT final/views/default/studentsmainpage.html: 0
[2013-03-31 13:52:09] EDIT final/views/default/studentsmainpage.html: 0
[2013-03-31 13:52:52] EDIT final/views/default/studentsmainpage.html: 0
[2013-03-31 13:56:22] EDIT final/views/default/studentsmainpage.html: 0
[2013-03-31 17:10:55] EDIT final/controllers/default.py: 28
[2013-03-31 17:11:16] EDIT final/controllers/default.py: -1
[2013-03-31 17:18:00] EDIT final/models/db.py: 0
[2013-03-31 17:18:31] EDIT final/controllers/default.py: 1
[2013-03-31 17:20:16] EDIT final/controllers/default.py: 0
[2013-03-31 17:20:49] EDIT final/controllers/default.py: 0
[2013-03-31 17:22:13] EDIT final/controllers/default.py: 5
[2013-03-31 17:23:09] EDIT final/controllers/default.py: 0
[2013-03-31 17:23:47] EDIT final/controllers/default.py: 0
[2013-03-31 17:24:29] EDIT final/controllers/default.py: 0
[2013-03-31 17:25:24] EDIT final/controllers/default.py: 0
[2013-03-31 19:10:03] EDIT final/controllers/default.py: 2
[2013-03-31 19:10:16] EDIT final/controllers/default.py: -1
[2013-03-31 19:12:16] EDIT final/models/db.py: 0
[2013-03-31 19:12:59] EDIT final/controllers/default.py: 0
[2013-03-31 19:15:06] EDIT final/controllers/default.py: 6
[2013-03-31 19:15:30] EDIT final/controllers/default.py: 0
[2013-03-31 19:16:05] EDIT final/controllers/default.py: 0
[2013-03-31 19:17:59] EDIT final/controllers/default.py: 4
[2013-03-31 19:19:57] EDIT final/controllers/default.py: 4
[2013-03-31 19:20:32] EDIT final/controllers/default.py: 0
[2013-03-31 19:21:04] EDIT final/controllers/default.py: 0
[2013-03-31 19:21:11] EDIT final/controllers/default.py: 0
[2013-03-31 19:23:48] EDIT final/controllers/default.py: 4
[2013-03-31 19:25:46] EDIT final/controllers/default.py: 4
[2013-03-31 19:26:00] EDIT final/controllers/default.py: 0
[2013-03-31 19:26:23] EDIT final/controllers/default.py: 0
[2013-03-31 19:26:27] EDIT final/controllers/default.py: 3
[2013-03-31 19:30:40] EDIT final/controllers/default.py: 0
[2013-03-31 19:34:18] EDIT final/controllers/default.py: 2
[2013-03-31 19:34:34] EDIT final/controllers/default.py: -1
[2013-03-31 19:37:34] EDIT final/controllers/default.py: 7
[2013-03-31 19:37:54] EDIT final/controllers/default.py: 0
[2013-03-31 19:38:21] EDIT final/controllers/default.py: 0
[2013-03-31 19:38:51] EDIT final/controllers/default.py: 0
[2013-03-31 19:44:28] EDIT final/controllers/default.py: 2
[2013-03-31 19:45:11] EDIT final/controllers/default.py: 0
[2013-03-31 19:45:53] EDIT final/controllers/default.py: 0
[2013-03-31 19:46:23] EDIT final/controllers/default.py: 0
[2013-03-31 19:47:28] EDIT final/controllers/default.py: 1
[2013-03-31 19:47:42] EDIT final/controllers/default.py: 0
[2013-03-31 19:47:59] EDIT final/controllers/default.py: 0
[2013-03-31 19:48:04] EDIT final/controllers/default.py: 0
[2013-03-31 19:48:20] EDIT final/controllers/default.py: 0
[2013-03-31 19:50:22] EDIT final/controllers/default.py: 4
[2013-03-31 19:51:53] EDIT final/controllers/default.py: 4
[2013-03-31 20:23:16] EDIT final/models/db.py: 0
[2013-03-31 20:23:18] EDIT final/controllers/default.py: 0
[2013-03-31 20:30:40] EDIT final/models/db.py: 0
[2013-03-31 20:33:09] CREATE default/generate.html: 0
[2013-03-31 20:34:12] DELETE final/views/default/generate.html: -3
[2013-03-31 20:40:53] EDIT final/views/default/seeingstudentprofile111.html: 2
[2013-04-01 12:15:53] EDIT final/controllers/default.py: 0
[2013-04-01 12:26:45] EDIT final/views/default/companyprofileview.html: 1
[2013-04-01 12:30:01] EDIT final/views/default/companyprofileview.html: 0
[2013-04-01 12:37:26] EDIT final/controllers/default.py: 0
[2013-04-01 12:40:14] EDIT final/views/default/companyprofileview.html: 0
[2013-04-01 12:41:50] EDIT final/views/default/companyprofileview.html: 1
[2013-04-01 12:45:13] EDIT final/views/default/companyprofileview.html: -1
[2013-04-01 12:47:19] EDIT final/controllers/default.py: -4
[2013-04-01 12:47:52] EDIT final/controllers/default.py: 0
[2013-04-01 12:49:07] EDIT final/controllers/default.py: -4
[2013-04-01 12:50:08] EDIT final/controllers/default.py: -1
[2013-04-01 12:51:12] EDIT final/views/default/companyprofileview.html: -1
[2013-04-01 12:57:10] EDIT final/controllers/default.py: -2
[2013-04-01 13:22:59] EDIT final/controllers/default.py: 1
[2013-04-01 13:24:51] EDIT final/controllers/default.py: -2
[2013-04-01 13:27:04] EDIT final/controllers/default.py: 0
[2013-04-01 13:28:02] EDIT final/controllers/default.py: 0
[2013-04-01 13:28:04] EDIT final/controllers/default.py: 0
[2013-04-01 13:28:25] EDIT final/controllers/default.py: 0
[2013-04-01 13:28:50] EDIT final/controllers/default.py: 0
[2013-04-01 13:29:27] EDIT final/controllers/default.py: 0
[2013-04-01 13:29:41] EDIT final/controllers/default.py: 0
[2013-04-01 13:29:48] EDIT final/controllers/default.py: 0
[2013-04-01 13:29:54] EDIT final/controllers/default.py: 0
[2013-04-01 13:30:15] EDIT final/controllers/default.py: 0
[2013-04-01 13:30:44] EDIT final/controllers/default.py: 0
[2013-04-01 13:30:51] EDIT final/controllers/default.py: 0
[2013-04-01 13:32:40] EDIT final/controllers/default.py: 0
[2013-04-01 13:32:57] EDIT final/controllers/default.py: 0
[2013-04-01 13:33:07] EDIT final/controllers/default.py: 0
[2013-04-01 13:34:09] EDIT final/controllers/default.py: 1
[2013-04-01 13:34:38] EDIT final/controllers/default.py: 0
[2013-04-01 13:40:40] EDIT final/models/db.py: 0
[2013-04-02 11:21:54] EDIT final/controllers/default.py: 0
[2013-04-02 11:22:54] CREATE default/searching.html: 0
[2013-04-02 11:23:32] EDIT final/views/default/searching.html: -1
[2013-04-02 11:24:23] EDIT final/views/default/searching.html: 1
[2013-04-02 11:27:46] EDIT final/controllers/default.py: 0
[2013-04-02 11:28:49] EDIT final/views/default/searching.html: 0
[2013-04-02 12:36:46] EDIT final/views/default/searching.html: 5
[2013-04-02 12:42:22] EDIT final/views/default/searching.html: -5
[2013-04-02 12:42:48] CREATE default/profile1checkname.html: 0
[2013-04-02 12:43:03] EDIT final/views/default/profile1checkname.html: -1
[2013-04-02 12:43:46] EDIT final/views/default/profile1checkname.html: 5
[2013-04-02 12:43:51] EDIT final/views/default/profile1checkname.html: 0
[2013-04-02 12:44:31] EDIT final/views/default/profile1checkname.html: 0
[2013-04-02 12:44:53] EDIT final/views/default/profile1checkname.html: 0
[2013-04-02 12:46:11] EDIT final/views/default/profile1checkname.html: 0
[2013-04-02 12:47:44] EDIT final/views/default/profile1checkname.html: 0
[2013-04-02 12:51:38] EDIT final/views/default/profile1checkname.html: 2
[2013-04-02 12:53:19] EDIT final/views/default/profile1checkname.html: 0
[2013-04-02 12:54:54] EDIT final/views/default/profile1checkname.html: -7
[2013-04-02 16:19:34] EDIT final/models/db.py: 0
[2013-04-02 16:21:17] EDIT final/models/db.py: 0
[2013-04-02 16:22:34] EDIT final/views/default/seeingstudentprofile.html: 0
[2013-04-02 16:23:04] EDIT final/views/default/seeingstudentprofile.html: 0
[2013-04-02 16:28:33] EDIT final/views/default/seeingstudentprofile.html: -6
[2013-04-02 16:29:40] EDIT final/views/default/seeingstudentprofile.html: 0
[2013-04-02 16:32:15] EDIT final/views/default/seeingstudentprofile.html: 1
[2013-04-02 16:33:16] EDIT final/views/default/seeingstudentprofile.html: -2
[2013-04-02 16:33:57] EDIT final/views/default/seeingstudentprofile.html: 2
[2013-04-02 16:36:25] EDIT final/views/default/seeingstudentprofile.html: 0
[2013-04-02 16:39:53] EDIT final/views/default/studentsmainpage.html: 0
[2013-04-02 16:40:50] EDIT final/views/default/studentsmainpage.html: 0
[2013-04-02 16:53:03] EDIT final/views/default/studentsmainpage.html: 0
[2013-04-02 16:54:03] EDIT final/views/default/studentsmainpage.html: 0
[2013-04-02 16:57:30] EDIT final/views/default/studentsmainpage.html: -10
[2013-04-02 16:58:27] EDIT final/views/default/studentsmainpage.html: 0
[2013-04-03 19:18:58] EDIT final/views/default/studentsmainpage.html: 10
[2013-04-03 19:21:01] EDIT final/views/default/studentsmainpage.html: 0
[2013-04-03 19:22:07] EDIT final/views/default/studentsmainpage.html: -10
[2013-04-03 19:23:09] EDIT final/views/default/studentsmainpage.html: 0
[2013-04-03 19:24:45] EDIT final/views/default/studentsmainpage.html: 0
[2013-04-03 19:25:55] EDIT final/views/default/studentsmainpage.html: 0
[2013-04-03 19:27:25] EDIT final/views/default/studentsmainpage.html: 10
[2013-04-03 19:28:16] EDIT final/views/default/studentsmainpage.html: 0
[2013-04-03 19:28:58] EDIT final/views/default/studentsmainpage.html: 0
[2013-04-03 19:29:08] EDIT final/views/default/studentsmainpage.html: 0
[2013-04-03 19:30:42] EDIT final/views/default/studentsmainpage.html: 0
[2013-04-03 19:31:31] EDIT final/views/default/studentsmainpage.html: 0
[2013-04-03 19:35:13] EDIT final/views/default/studentsmainpage.html: 18
[2013-04-03 19:40:27] EDIT final/views/default/seeingstudentprofile.html: 7
[2013-04-03 19:41:36] EDIT final/views/default/seeingstudentprofile.html: 3
[2013-04-03 19:41:58] EDIT final/views/default/seeingstudentprofile.html: 0
[2013-04-03 19:43:50] EDIT final/views/default/seeingstudentprofile.html: 0
[2013-04-03 19:44:30] EDIT final/views/default/seeingstudentprofile.html: 0
[2013-04-03 19:49:52] EDIT final/views/default/seeingstudentprofile.html: 0
[2013-04-03 19:51:42] EDIT final/views/default/seeingstudentprofile.html: 0
[2013-04-03 19:52:41] EDIT final/views/default/seeingstudentprofile.html: 0
[2013-04-03 19:53:27] EDIT final/views/default/seeingstudentprofile.html: 0
[2013-04-03 19:54:28] EDIT final/views/default/studentsmainpage.html: 0
[2013-04-03 19:55:01] EDIT final/views/default/studentsmainpage.html: 0
[2013-04-03 19:55:15] EDIT final/views/default/studentsmainpage.html: -18
[2013-04-03 19:58:26] EDIT final/views/default/studentsmainpage.html: 1
[2013-04-03 20:00:35] EDIT final/views/default/studentsmainpage.html: 0
[2013-04-03 20:03:19] EDIT final/views/default/studentsmainpage.html: 2
[2013-04-03 20:03:33] EDIT final/views/default/studentsmainpage.html: 1
[2013-04-03 20:04:00] EDIT final/views/default/studentsmainpage.html: 0
[2013-04-03 20:05:44] EDIT final/views/default/studentsmainpage.html: -1
[2013-04-03 20:06:11] EDIT final/views/default/studentsmainpage.html: 0
[2013-04-03 20:06:15] EDIT final/views/default/studentsmainpage.html: 0
[2013-04-03 20:09:09] EDIT final/views/default/studentsmainpage.html: 3
[2013-04-03 20:09:43] EDIT final/views/default/studentsmainpage.html: -1
[2013-04-03 20:10:08] EDIT final/views/default/studentsmainpage.html: 0
[2013-04-03 20:10:17] EDIT final/views/default/studentsmainpage.html: 0
[2013-04-03 20:13:23] EDIT final/views/default/studentsmainpage.html: 23
[2013-04-03 20:14:44] EDIT final/views/default/studentsmainpage.html: -2
[2013-04-03 20:15:03] EDIT final/views/default/studentsmainpage.html: 0
[2013-04-03 20:16:20] EDIT final/views/default/studentsmainpage.html: 0
[2013-04-03 20:16:49] EDIT final/views/default/studentsmainpage.html: 0
[2013-04-03 20:17:11] EDIT final/views/default/studentsmainpage.html: 0
[2013-04-03 20:55:49] EDIT final/controllers/default.py: 0
[2013-04-03 20:57:12] EDIT final/controllers/default.py: 0
[2013-04-03 20:58:21] EDIT final/views/default/studentsmainpage.html: 0
[2013-04-03 20:58:33] EDIT final/views/default/studentsmainpage.html: 0
[2013-04-03 20:58:59] EDIT final/views/default/studentsmainpage.html: 0
[2013-04-03 20:59:25] EDIT final/views/default/studentsmainpage.html: 0
[2013-04-03 20:59:38] EDIT final/controllers/default.py: 0
[2013-04-03 21:02:08] EDIT final/views/default/messaging.html: 18
[2013-04-03 21:02:55] EDIT final/views/default/messaging.html: 0
[2013-04-03 21:03:27] EDIT final/views/default/messaging.html: 0
[2013-04-03 21:05:24] EDIT final/views/default/showmessage.html: 18
[2013-04-03 21:06:04] EDIT final/views/default/showmessage.html: 0
[2013-04-03 21:06:39] EDIT final/views/default/showmessage.html: -6
[2013-04-03 21:12:51] EDIT final/views/default/showmessage.html: 13
[2013-04-03 21:13:11] EDIT final/views/default/showmessage.html: 1
[2013-04-03 21:13:34] EDIT final/views/default/showmessage.html: 0
[2013-04-03 21:14:04] EDIT final/views/default/showmessage.html: 1
[2013-04-03 21:16:07] EDIT final/views/default/showmessage.html: -5
[2013-04-03 21:17:00] EDIT final/views/default/showmessage.html: 1
[2013-04-03 21:17:58] EDIT final/views/default/messaging.html: 11
[2013-04-03 21:18:34] EDIT final/views/default/messaging.html: -7
[2013-04-03 21:22:27] EDIT final/views/default/messagedetail.html: 0
[2013-04-03 21:23:50] EDIT final/views/default/messagedetail.html: 0
[2013-04-03 21:29:06] EDIT final/controllers/default.py: 0
[2013-04-03 21:29:32] EDIT final/views/default/showmessage.html: 0
[2013-04-03 21:29:55] EDIT final/views/default/showmessage.html: 0
[2013-04-03 21:30:22] EDIT final/views/default/showmessage.html: 0
[2013-04-03 21:30:53] EDIT final/controllers/default.py: 0
[2013-04-03 21:31:09] EDIT final/views/default/showmessage.html: 0
[2013-04-03 21:33:03] EDIT final/views/default/messagedetail.html: -6
[2013-04-03 21:33:13] EDIT final/views/default/messagedetail.html: -1
[2013-04-03 21:39:24] EDIT final/views/default/messagedetail.html: 6
[2013-04-03 21:40:11] EDIT final/views/default/messagedetail.html: 0
[2013-04-03 21:40:47] EDIT final/views/default/messagedetail.html: 1
[2013-04-03 21:41:04] EDIT final/views/default/messagedetail.html: 0
[2013-04-03 21:41:10] EDIT final/views/default/messagedetail.html: 0
[2013-04-03 21:41:51] EDIT final/views/default/messagedetail.html: 0
[2013-04-03 21:42:14] EDIT final/views/default/messagedetail.html: 0
[2013-04-03 21:44:22] EDIT final/views/default/messagedetail.html: 29
[2013-04-03 21:45:00] EDIT final/views/default/messagedetail.html: 0
[2013-04-03 21:45:41] EDIT final/views/default/messagedetail.html: 0
[2013-04-03 21:47:01] CREATE default/reply.html: 0
[2013-04-03 21:47:40] EDIT final/views/default/reply.html: -1
[2013-04-03 21:48:20] EDIT final/views/default/reply.html: 29
[2013-04-03 21:48:43] EDIT final/views/default/reply.html: 0
[2013-04-03 21:49:10] EDIT final/controllers/default.py: 0
[2013-04-03 21:51:46] EDIT final/controllers/default.py: 0
[2013-04-03 21:51:49] EDIT final/controllers/default.py: 0
[2013-04-03 21:52:25] EDIT final/controllers/default.py: 0
[2013-04-03 21:53:10] EDIT final/controllers/default.py: 0
[2013-04-03 21:55:23] EDIT final/controllers/default.py: 0
[2013-04-03 21:55:36] EDIT final/controllers/default.py: 0
[2013-04-03 21:57:41] EDIT final/views/default/showmessage.html: 0
[2013-04-03 22:00:45] EDIT final/views/default/companymainpage.html: 29
[2013-04-03 22:02:10] CREATE default/notice.html: 0
[2013-04-03 22:03:05] EDIT final/views/default/notice.html: 28
[2013-04-03 22:03:16] EDIT final/views/default/notice.html: 0
[2013-04-03 22:05:12] EDIT final/controllers/default.py: 0
[2013-04-03 22:06:38] EDIT final/controllers/default.py: 0
[2013-04-03 22:12:59] EDIT final/controllers/default.py: 0
[2013-04-03 22:14:05] EDIT final/views/default/companymainpage.html: 1
[2013-04-03 22:15:30] EDIT final/views/default/companymainpage.html: 0
[2013-04-03 22:16:04] EDIT final/views/default/companymainpage.html: 0
[2013-04-03 22:16:09] EDIT final/views/default/notice.html: 0
[2013-04-03 22:16:53] EDIT final/views/default/searching.html: 30
[2013-04-03 22:17:15] EDIT final/views/default/searching.html: 0
[2013-04-03 22:27:29] CREATE justforfun.py: 0
[2013-04-03 22:30:04] EDIT final/controllers/default.py: 2
[2013-04-03 22:31:26] CREATE default/justforfun.html: 0
[2013-04-03 22:32:18] EDIT final/views/default/justforfun.html: -2
[2013-04-03 22:34:50] EDIT final/controllers/default.py: 3
[2013-04-03 22:35:12] EDIT final/views/default/justforfun.html: 1
[2013-04-03 22:35:58] EDIT final/controllers/default.py: 0
[2013-04-03 22:41:18] EDIT final/controllers/default.py: 19
[2013-04-03 22:41:56] EDIT final/controllers/default.py: 0
[2013-04-03 22:42:40] CREATE default/profile1checkname2.html: 0
[2013-04-03 22:42:51] EDIT final/views/default/profile1checkname2.html: -2
[2013-04-03 22:43:47] EDIT final/views/default/profile1checkname2.html: 17
[2013-04-03 22:44:19] EDIT final/controllers/default.py: 0
[2013-04-03 23:02:16] EDIT final/controllers/default.py: 52
[2013-04-03 23:02:39] EDIT final/controllers/default.py: 0
[2013-04-03 23:02:46] EDIT final/controllers/default.py: 0
[2013-04-03 23:03:00] EDIT final/controllers/default.py: -1
[2013-04-03 23:03:31] EDIT final/controllers/default.py: 1
[2013-04-03 23:03:46] EDIT final/controllers/default.py: -1
[2013-04-03 23:05:09] EDIT final/controllers/default.py: 0
[2013-04-03 23:06:12] EDIT final/controllers/default.py: 0
[2013-04-03 23:10:43] EDIT final/controllers/default.py: 8
[2013-04-03 23:11:17] EDIT final/controllers/default.py: 0
[2013-04-03 23:12:00] EDIT final/controllers/default.py: 0
[2013-04-03 23:12:15] EDIT final/controllers/default.py: 0
[2013-04-03 23:12:43] EDIT final/controllers/default.py: 0
[2013-04-03 23:13:40] EDIT final/controllers/default.py: -7
[2013-04-03 23:14:25] EDIT final/controllers/default.py: 0
[2013-04-03 23:14:45] EDIT final/controllers/default.py: 0
[2013-04-03 23:15:27] EDIT final/controllers/default.py: 0
[2013-04-03 23:18:27] EDIT final/controllers/default.py: 0
[2013-04-03 23:19:40] EDIT final/controllers/default.py: 0
[2013-04-03 23:20:00] EDIT final/controllers/default.py: 0
[2013-04-04 11:43:46] EDIT final/views/default/companymainpage.html: 0
[2013-04-04 11:44:23] EDIT final/views/default/companymainpage.html: 0
[2013-04-04 11:45:38] EDIT final/views/default/messaging.html: 0
[2013-04-04 11:46:47] EDIT final/views/default/messaging.html: 1
[2013-04-04 11:48:25] EDIT final/views/default/updatingcompanyprofile.html: 31
[2013-04-04 11:48:46] EDIT final/views/default/updatingcompanyprofile.html: 0
[2013-04-04 11:49:01] EDIT final/views/default/updatingcompanyprofile.html: 0
[2013-04-04 11:49:11] EDIT final/views/default/updatingcompanyprofile.html: 0
[2013-04-04 11:51:07] EDIT final/views/default/updatingcompanyprofile.html: 0
[2013-04-04 11:51:49] EDIT final/views/default/companymainpage.html: 0
[2013-04-04 11:51:56] EDIT final/views/default/updatingcompanyprofile.html: 0
[2013-04-04 11:52:13] EDIT final/views/default/updatingcompanyprofile.html: 0
[2013-04-04 11:52:19] EDIT final/views/default/updatingcompanyprofile.html: 0
[2013-04-04 11:53:30] EDIT final/views/default/companymainpage.html: 0
[2013-04-04 11:57:17] EDIT final/controllers/default.py: 1
[2013-04-04 11:58:11] EDIT final/controllers/default.py: 0
[2013-04-04 11:59:23] EDIT final/controllers/default.py: 1
[2013-04-04 11:59:26] EDIT final/controllers/default.py: 0
[2013-04-04 12:00:00] EDIT final/controllers/default.py: 0
[2013-04-04 12:01:34] EDIT final/controllers/default.py: 0
[2013-04-04 12:02:41] EDIT final/controllers/default.py: 1
[2013-04-04 12:03:03] EDIT final/controllers/default.py: 0
[2013-04-04 12:04:29] EDIT final/controllers/default.py: 1
[2013-04-04 12:04:39] EDIT final/controllers/default.py: 0
[2013-04-04 12:05:32] EDIT final/controllers/default.py: 0
[2013-04-04 12:05:51] EDIT final/controllers/default.py: 0
[2013-04-04 12:06:02] EDIT final/controllers/default.py: -2
[2013-04-04 12:06:30] EDIT final/controllers/default.py: 0
[2013-04-04 12:08:16] CREATE default/bar.html: 0
[2013-04-04 12:09:29] EDIT final/views/default/bar.html: 8
[2013-04-04 12:10:20] EDIT final/views/default/bar.html: 0
[2013-04-04 12:10:43] EDIT final/controllers/default.py: 0
[2013-04-04 12:11:30] EDIT final/views/default/bar.html: 0
[2013-04-04 12:12:12] EDIT final/controllers/default.py: 3
[2013-04-04 12:12:59] EDIT final/views/default/bar.html: 10
[2013-04-04 12:13:25] EDIT final/views/default/bar.html: 0
[2013-04-04 12:15:36] EDIT final/views/default/bar.html: -4
[2013-04-04 12:16:45] EDIT final/views/default/bar.html: -8
[2013-04-04 12:18:18] EDIT final/views/default/bar.html: 12
[2013-04-04 12:18:47] EDIT final/views/default/bar.html: 0
[2013-04-04 12:19:10] EDIT final/views/default/bar.html: 0
[2013-04-04 12:19:25] EDIT final/views/default/bar.html: 0
[2013-04-04 12:27:38] EDIT final/controllers/default.py: 0
[2013-04-04 12:27:47] EDIT final/controllers/default.py: 0
[2013-04-04 15:28:44] EDIT final/views/default/companymainpage.html: 1
[2013-04-04 15:29:16] EDIT final/views/default/justforfun.html: 32
[2013-04-04 15:29:39] EDIT final/views/default/justforfun.html: 0
[2013-04-04 15:34:01] EDIT final/views/default/companymainpage.html: 1
[2013-04-04 15:34:35] EDIT final/views/default/justforfun.html: 0
[2013-04-04 15:35:02] EDIT final/views/default/companymainpage.html: 0
[2013-04-04 15:36:19] EDIT final/controllers/default.py: 0
[2013-04-04 15:36:22] EDIT final/views/default/companymainpage.html: 0
[2013-04-04 20:45:37] EDIT final/views/default/studentsmainpage.html: 0
[2013-04-04 20:47:56] EDIT final/views/default/updatingstudentprofile1.html: 18
[2013-04-04 20:48:19] EDIT final/views/default/updatingstudentprofile1.html: 0
[2013-04-04 20:49:04] EDIT final/views/default/updatingstudentprofile2.html: 18
[2013-04-04 20:49:27] EDIT final/views/default/updatingstudentprofile3.html: 18
[2013-04-04 20:51:18] CREATE default/updatingstudentprofile555.html: 0
[2013-04-04 20:51:52] EDIT final/views/default/updatingstudentprofile555.html: 17
[2013-04-04 20:52:14] EDIT final/views/default/updatingstudentprofile555.html: 0
[2013-04-04 20:53:12] CREATE default/updatingstudentprofilemain.html: 0
[2013-04-04 20:53:33] EDIT final/views/default/updatingstudentprofilemain.html: 17
[2013-04-04 20:54:00] EDIT final/views/default/updatingstudentprofilemain.html: 0
[2013-04-04 20:57:23] EDIT final/views/default/updatingstudentprofile1.html: 0
[2013-04-04 20:58:23] EDIT final/views/default/studentsmainpage.html: 0
[2013-04-04 20:59:29] EDIT final/views/default/updatingstudentprofile2.html: 0
[2013-04-04 20:59:40] EDIT final/views/default/updatingstudentprofile3.html: 0
[2013-04-04 20:59:50] EDIT final/views/default/updatingstudentprofilemain.html: 0
[2013-04-04 21:00:01] EDIT final/views/default/updatingstudentprofile555.html: 0
[2013-04-04 21:01:10] EDIT final/views/default/checkpage.html: 13
[2013-04-04 21:04:49] EDIT final/views/default/checkpage.html: 4
[2013-04-04 21:05:16] EDIT final/views/default/checkpage.html: 0
[2013-04-04 21:06:44] EDIT final/views/default/checkpage555.html: 4
[2013-04-04 21:07:12] EDIT final/views/default/checkpage555.html: 13
[2013-04-04 21:09:36] EDIT final/views/default/seeingstudentprofile.html: 2
[2013-04-04 21:11:47] EDIT final/views/default/seeingstudentprofile.html: 1
[2013-04-04 21:13:10] EDIT final/views/default/seeingstudentprofile.html: 0
[2013-04-04 21:14:05] EDIT final/views/default/seeingstudentprofile.html: 0
[2013-04-04 21:15:23] EDIT final/views/default/seeingstudentprofile.html: 0
[2013-04-04 21:17:15] EDIT final/views/default/seeingstudentprofile.html: 1
[2013-04-04 21:21:22] EDIT final/views/default/showmessage.html: 1
[2013-04-04 21:22:08] EDIT final/views/default/showmessage.html: 0
[2013-04-04 21:22:38] EDIT final/views/default/updatingcompanyprofile.html: 0
[2013-04-04 21:24:03] EDIT final/views/default/profile1checkname.html: 25
[2013-04-04 21:25:02] EDIT final/views/default/profile1checkname1.html: 25
[2013-04-04 21:25:56] EDIT final/views/default/profile1checkname1.html: 0
[2013-04-04 21:26:50] CREATE default/profile3college.html: 0
[2013-04-04 21:27:26] EDIT final/views/default/profile3college.html: 23
[2013-04-04 21:27:45] EDIT final/views/default/profile3college.html: 1
[2013-04-04 21:29:04] EDIT final/views/default/profile3college1.html: 25
[2013-04-04 21:29:30] EDIT final/views/default/profile3college1.html: 0
[2013-04-04 21:32:29] EDIT final/views/default/seeingstudentprofile.html: 12
[2013-04-04 21:35:06] EDIT final/views/default/companyprofileview.html: 25
[2013-04-04 21:36:39] EDIT final/views/default/companyprofileview.html: 0
[2013-04-04 21:37:53] CREATE default/profile5pani.html: 0
[2013-04-04 21:38:47] EDIT final/views/default/profile5pani.html: 24
[2013-04-04 21:42:03] EDIT final/views/default/profile5pani1.html: 2
[2013-04-04 21:46:22] EDIT final/controllers/default.py: 0
[2013-04-04 21:50:17] EDIT final/controllers/default.py: 1
[2013-04-04 21:53:02] EDIT final/views/default/profile5pani1.html: 0
[2013-04-04 21:53:59] EDIT final/views/default/profile5pani1.html: 25
[2013-04-04 21:55:05] CREATE default/profile3cgpa.html: 0
[2013-04-04 21:55:15] EDIT final/views/default/profile3cgpa.html: 24
[2013-04-04 21:55:51] EDIT final/views/default/profile3cgpa1.html: 25
[2013-04-04 21:56:15] EDIT final/views/default/profile3cgpa1.html: 0
[2013-04-04 21:56:31] EDIT final/views/default/profile3cgpa1.html: 0
[2013-04-04 21:58:41] EDIT final/controllers/default.py: 1
[2013-04-04 21:59:32] EDIT final/views/default/profile3cgpa1.html: 1
[2013-04-04 22:00:09] CREATE default/companyworkedin.html: 0
[2013-04-04 22:00:38] EDIT final/views/default/companyworkedin.html: 24
[2013-04-04 22:02:25] EDIT final/views/default/companyworkedin1.html: 0
[2013-04-04 22:02:42] EDIT final/views/default/companyworkedin1.html: 25
[2013-04-04 22:04:03] CREATE default/highschool.html: 0
[2013-04-04 22:04:30] EDIT final/views/default/highschool.html: 24
[2013-04-04 22:05:23] EDIT final/views/default/highschool2.html: 25
[2013-04-04 22:05:54] EDIT final/views/default/highschool2.html: 0
[2013-04-04 22:06:15] EDIT final/views/default/highschool.html: 0
[2013-04-04 22:06:26] CREATE default/project.html: 0
[2013-04-04 22:06:36] EDIT final/views/default/project.html: 24
[2013-04-04 22:07:13] EDIT final/views/default/project1.html: 25
[2013-04-04 22:07:32] EDIT final/views/default/project1.html: 0
[2013-04-04 22:08:47] CREATE default/reply1.html: 0
[2013-04-04 22:09:16] EDIT final/views/default/reply1.html: 23
[2013-04-04 22:09:21] EDIT final/views/default/reply1.html: 1
[2013-04-04 22:21:05] EDIT final/controllers/default.py: 0
[2013-04-04 22:23:01] EDIT final/controllers/default.py: 0
[2013-04-04 22:25:47] EDIT final/controllers/default.py: 0
[2013-04-04 22:27:23] EDIT final/controllers/default.py: 2
[2013-04-04 22:27:59] EDIT final/controllers/default.py: 0
[2013-04-04 22:29:36] EDIT final/controllers/default.py: 0
[2013-04-04 22:31:50] EDIT final/controllers/default.py: 7
[2013-04-04 22:33:28] EDIT final/controllers/default.py: 0
[2013-04-04 22:34:03] EDIT final/controllers/default.py: 0
[2013-04-04 22:35:40] EDIT final/controllers/default.py: 2
[2013-04-04 22:36:30] EDIT final/controllers/default.py: 0
[2013-04-04 22:37:27] EDIT final/controllers/default.py: 0
[2013-04-04 22:38:18] EDIT final/controllers/default.py: 0
[2013-04-04 22:40:27] EDIT final/controllers/default.py: 0
[2013-04-04 22:40:50] EDIT final/controllers/default.py: 0
[2013-04-04 22:42:55] EDIT final/controllers/default.py: -6
[2013-04-04 22:46:32] EDIT final/controllers/default.py: 0
[2013-04-04 22:47:11] EDIT final/controllers/default.py: 0
[2013-04-04 22:52:15] EDIT final/controllers/default.py: 0
[2013-04-04 22:56:49] EDIT final/controllers/default.py: 0
[2013-04-04 22:57:49] EDIT final/controllers/default.py: 0
[2013-04-04 22:58:15] EDIT final/controllers/default.py: 0
[2013-04-04 22:58:22] EDIT final/controllers/default.py: 0
[2013-04-04 22:59:00] EDIT final/controllers/default.py: 1
[2013-04-04 23:00:02] EDIT final/controllers/default.py: 0
[2013-04-04 23:00:27] EDIT final/controllers/default.py: 0
[2013-04-04 23:00:56] EDIT final/controllers/default.py: 0
[2013-04-04 23:01:10] EDIT final/controllers/default.py: 0
[2013-04-04 23:01:28] EDIT final/controllers/default.py: 0
[2013-04-04 23:01:35] EDIT final/controllers/default.py: 0
[2013-04-04 23:01:52] EDIT final/controllers/default.py: 0
[2013-04-04 23:02:17] EDIT final/controllers/default.py: 0
[2013-04-04 23:02:34] EDIT final/controllers/default.py: 0
[2013-04-04 23:02:50] EDIT final/controllers/default.py: 0
[2013-04-04 23:03:12] EDIT final/controllers/default.py: 0
[2013-04-04 23:04:14] EDIT final/controllers/default.py: 0
[2013-04-04 23:04:32] EDIT final/controllers/default.py: 0
[2013-04-04 23:05:08] EDIT final/controllers/default.py: 0
[2013-04-04 23:05:46] EDIT final/controllers/default.py: 0
[2013-04-04 23:06:27] EDIT final/controllers/default.py: 0
[2013-04-04 23:07:03] EDIT final/controllers/default.py: 0
[2013-04-04 23:08:20] EDIT final/controllers/default.py: 0
[2013-04-04 23:09:33] EDIT final/controllers/default.py: 0
[2013-04-04 23:10:42] EDIT final/controllers/default.py: 1
[2013-04-04 23:12:24] EDIT final/controllers/default.py: 1
[2013-04-04 23:12:34] EDIT final/controllers/default.py: 0
[2013-04-04 23:18:55] EDIT final/controllers/default.py: 21
[2013-04-04 23:20:43] EDIT final/controllers/default.py: -15
[2013-04-04 23:21:37] EDIT final/controllers/default.py: 0
[2013-04-04 23:21:59] EDIT final/controllers/default.py: 0
[2013-04-04 23:22:53] EDIT final/controllers/default.py: -1
[2013-04-04 23:23:27] EDIT final/controllers/default.py: -1
[2013-04-04 23:23:37] EDIT final/controllers/default.py: -1
[2013-04-04 23:24:10] EDIT final/controllers/default.py: 1
[2013-04-04 23:25:01] EDIT final/controllers/default.py: -1
[2013-04-04 23:26:15] EDIT final/controllers/default.py: 0
[2013-04-04 23:26:47] EDIT final/controllers/default.py: 0
[2013-04-04 23:27:17] EDIT final/controllers/default.py: 0
[2013-04-04 23:28:15] EDIT final/controllers/default.py: 1
[2013-04-04 23:30:06] EDIT final/controllers/default.py: -14
[2013-04-04 23:30:21] EDIT final/controllers/default.py: 0
[2013-04-04 23:31:33] EDIT final/controllers/default.py: 2
[2013-04-04 23:32:02] EDIT final/controllers/default.py: 2
[2013-04-04 23:32:49] EDIT final/controllers/default.py: 2
[2013-04-04 23:36:43] EDIT final/views/default/studentsmainpage.html: 2
[2013-04-04 23:39:46] EDIT final/views/default/studentsmainpage.html: 0
[2013-04-04 23:41:38] EDIT final/controllers/default.py: -1
[2013-04-04 23:42:48] EDIT final/controllers/default.py: 1
[2013-04-04 23:43:13] EDIT final/controllers/default.py: 0
[2013-04-04 23:43:59] EDIT final/controllers/default.py: 0
[2013-04-04 23:44:13] EDIT final/controllers/default.py: 0
[2013-04-04 23:46:42] EDIT final/controllers/default.py: 0
[2013-04-04 23:48:10] EDIT final/controllers/default.py: 0
[2013-04-04 23:48:34] EDIT final/controllers/default.py: -1
[2013-04-04 23:54:40] EDIT final/models/db.py: 0
[2013-04-04 23:56:15] EDIT final/controllers/default.py: 0
[2013-04-04 23:58:25] EDIT final/controllers/default.py: 1
[2013-04-04 23:58:56] EDIT final/controllers/default.py: 0
[2013-04-05 00:00:28] EDIT final/controllers/default.py: 0
[2013-04-06 02:34:31] EDIT final/views/default/messaging.html: 0
[2013-04-06 02:36:10] EDIT final/controllers/default.py: 0
[2013-04-06 02:36:29] EDIT final/controllers/default.py: 0
[2013-04-06 02:38:25] EDIT final/controllers/default.py: 0
[2013-04-06 02:38:45] EDIT final/controllers/default.py: 0
[2013-04-06 02:41:03] EDIT final/views/default/studentsmainpage.html: 0
[2013-04-06 02:42:17] EDIT final/views/default/studentsmainpage.html: 0
[2013-04-06 02:43:19] CREATE default/seeingnotice.html: 0
[2013-04-06 02:45:18] EDIT final/views/default/studentsmainpage.html: 0
[2013-04-06 02:46:14] DELETE final/views/default/seeingnotice.html: -3
[2013-04-06 02:46:32] CREATE default/seeingnicenotice.html: 0
[2013-04-06 02:47:20] EDIT final/views/default/seeingnicenotice.html: -2
[2013-04-06 02:47:28] EDIT final/views/default/seeingnicenotice.html: 1
[2013-04-06 02:48:51] EDIT final/views/default/seeingnicenotice.html: 0
[2013-04-06 02:50:07] EDIT final/views/default/seeingnicenotice.html: 27
[2013-04-06 02:52:05] EDIT final/views/default/seeingnicenotice.html: 1
[2013-04-06 02:53:36] EDIT final/views/default/seeingnicenotice.html: 0
[2013-04-06 02:54:55] EDIT final/views/default/seeingnicenotice.html: 0
[2013-04-06 03:02:19] EDIT final/controllers/default.py: 3
[2013-04-06 03:04:06] EDIT final/controllers/default.py: 1
[2013-04-06 03:08:46] CREATE default/notc.html: 0
[2013-04-06 03:10:42] EDIT final/views/default/companymainpage.html: 0
[2013-04-06 03:11:56] EDIT final/views/default/notc.html: 0
[2013-04-06 03:12:12] EDIT final/views/default/companymainpage.html: 0
[2013-04-06 03:12:42] EDIT final/controllers/default.py: 2
[2013-04-06 03:13:10] EDIT final/views/default/notc.html: 33
[2013-04-06 03:13:45] EDIT final/views/default/notc.html: 0
[2013-04-06 03:13:53] EDIT final/views/default/notc.html: 0
[2013-04-06 03:16:20] EDIT final/controllers/default.py: 3
[2013-04-06 03:16:40] CREATE default/dnotice.html: 0
[2013-04-06 03:25:05] EDIT final/views/default/dnotice.html: 1
[2013-04-06 03:27:48] EDIT final/views/default/dnotice.html: 0
[2013-04-06 03:28:55] EDIT final/views/default/notc.html: 0
[2013-04-06 03:30:54] EDIT final/views/default/dnotice.html: 0
[2013-04-06 03:32:23] EDIT final/views/default/dnotice.html: 1
[2013-04-06 03:33:23] EDIT final/views/default/dnotice.html: 0
[2013-04-06 03:33:59] EDIT final/views/default/dnotice.html: 0
[2013-04-06 03:34:38] EDIT final/controllers/default.py: 0
[2013-04-06 03:35:41] EDIT final/controllers/default.py: 0
[2013-04-06 03:36:38] EDIT final/controllers/default.py: 2
[2013-04-06 03:38:12] EDIT final/views/default/dnotice.html: 0
[2013-04-06 03:39:10] EDIT final/controllers/default.py: 0
[2013-04-06 03:40:27] EDIT final/views/default/dnotice.html: 0
[2013-04-06 03:41:12] EDIT final/views/default/dnotice.html: 33
[2013-04-06 03:41:26] EDIT final/views/default/dnotice.html: 0
[2013-04-06 03:41:33] EDIT final/views/default/notc.html: 0
[2013-04-06 03:44:10] EDIT final/views/default/dnotice.html: 3
[2013-04-06 03:45:25] EDIT final/views/default/notice.html: 3
[2013-04-06 03:52:06] EDIT final/views/default/companymainpage.html: 0
[2013-04-06 03:52:17] EDIT final/views/default/companymainpage.html: 1
[2013-04-06 03:52:43] EDIT final/views/default/companymainpage.html: 0
[2013-04-06 03:53:04] EDIT final/views/default/companymainpage.html: 0
[2013-04-06 03:53:10] EDIT final/views/default/companymainpage.html: 0
[2013-04-06 03:56:18] CREATE default/seeingcompanyprofile.html: 0
[2013-04-06 03:56:31] EDIT final/views/default/seeingcompanyprofile.html: -1
[2013-04-06 03:57:07] EDIT final/views/default/seeingcompanyprofile.html: 0
[2013-04-06 03:58:17] EDIT final/views/default/seeingcompanyprofile.html: 32
[2013-04-06 03:58:49] EDIT final/views/default/seeingcompanyprofile.html: 0
[2013-04-06 04:00:20] EDIT final/views/default/seeingcompanyprofile.html: 0
[2013-04-06 04:00:48] EDIT final/views/default/seeingcompanyprofile.html: 0
[2013-04-06 04:01:22] EDIT final/views/default/companymainpage.html: 0
[2013-04-06 04:01:47] EDIT final/views/default/companymainpage.html: 0
[2013-04-06 04:04:20] EDIT final/views/default/companymainpage.html: 0
[2013-04-06 04:05:24] EDIT final/views/default/companymainpage.html: 1
[2013-04-06 04:06:38] EDIT final/views/default/companymainpage.html: 2
[2013-04-06 04:07:17] EDIT final/views/default/companymainpage.html: 0
[2013-04-06 04:07:41] EDIT final/views/default/companymainpage.html: 0
[2013-04-06 04:12:02] EDIT final/views/default/companymainpage.html: 8
[2013-04-06 04:12:22] EDIT final/views/default/companymainpage.html: 0
[2013-04-06 04:12:57] EDIT final/views/default/companymainpage.html: 0
[2013-04-06 04:13:12] EDIT final/views/default/companymainpage.html: 0
[2013-04-06 04:13:58] EDIT final/views/default/companymainpage.html: 0
[2013-04-06 04:14:20] EDIT final/views/default/companymainpage.html: 0
[2013-04-06 04:14:28] EDIT final/views/default/companymainpage.html: 0
[2013-04-06 04:14:54] EDIT final/views/default/companymainpage.html: 0
[2013-04-06 04:15:30] EDIT final/views/default/companymainpage.html: 0
[2013-04-06 04:15:49] EDIT final/views/default/companymainpage.html: 0
[2013-04-06 04:16:24] EDIT final/views/default/companymainpage.html: 0
[2013-04-06 04:16:29] EDIT final/controllers/default.py: 0
[2013-04-06 14:08:47] EDIT final/controllers/default.py: 1
[2013-04-06 14:09:52] EDIT final/controllers/default.py: 0
[2013-04-06 14:10:21] EDIT final/controllers/default.py: 0
[2013-04-06 14:11:40] EDIT final/views/default/notc.html: 1
[2013-04-06 14:12:43] EDIT final/controllers/default.py: 0
[2013-04-06 14:14:10] EDIT final/controllers/default.py: 0
[2013-04-06 14:17:00] EDIT final/views/default/notc.html: 0
[2013-04-06 14:17:59] EDIT final/views/default/notc.html: 0
[2013-04-06 14:19:05] EDIT final/views/default/notc.html: 0
[2013-04-06 14:19:33] EDIT final/controllers/default.py: 0
[2013-04-06 14:20:57] EDIT final/models/db.py: 0
[2013-04-06 14:21:06] EDIT final/models/db.py: 0
[2013-04-06 14:21:38] EDIT final/models/db.py: 0
[2013-04-06 14:21:51] EDIT final/views/default/notc.html: 0
[2013-04-06 14:23:19] EDIT final/views/default/notc.html: 0
[2013-04-06 14:27:24] EDIT final/views/default/notc.html: 0
[2013-04-06 14:29:10] EDIT final/controllers/default.py: 0
[2013-04-06 14:30:41] EDIT final/views/default/notc.html: -1
[2013-04-06 14:33:08] EDIT final/views/default/notc.html: 0
[2013-04-06 14:33:41] EDIT final/views/default/dnotice.html: 0
[2013-04-06 14:33:47] EDIT final/views/default/dnotice.html: 0
[2013-04-06 14:34:26] EDIT final/views/default/dnotice.html: 0
[2013-04-06 14:34:44] EDIT final/views/default/notice.html: 0
[2013-04-06 14:35:51] EDIT final/views/default/notice.html: 0
[2013-04-06 14:35:56] EDIT final/views/default/notice.html: 0
[2013-04-06 14:44:48] EDIT final/views/default/notice.html: 7
[2013-04-06 14:45:46] EDIT final/views/default/companymainpage.html: 7
[2013-04-06 15:08:11] EDIT final/views/default/companymainpage.html: 0
[2013-04-06 15:09:22] EDIT final/views/default/companymainpage.html: 0
[2013-04-06 15:09:48] EDIT final/views/default/companymainpage.html: 0
[2013-04-06 15:10:38] EDIT final/views/default/companymainpage.html: 0
[2013-04-06 15:11:23] EDIT final/views/default/seeingcompanyprofile.html: 7
[2013-04-06 15:11:59] EDIT final/views/default/updatingcompanyprofile.html: 7
[2013-04-06 15:12:17] EDIT final/views/default/showmessage.html: 7
[2013-04-06 15:12:29] EDIT final/views/default/messaging.html: 7
[2013-04-06 15:13:03] EDIT final/views/default/searching.html: 7
[2013-04-06 15:14:02] EDIT final/views/default/dnotice.html: 4
[2013-04-06 15:14:24] EDIT final/views/default/dnotice.html: 0
[2013-04-06 15:14:40] EDIT final/views/default/dnotice.html: 0
[2013-04-06 15:15:37] EDIT final/views/default/notice.html: 1
[2013-04-06 15:17:24] EDIT final/controllers/default.py: 0
[2013-04-06 15:19:28] EDIT final/views/default/companymainpage.html: 0
[2013-04-06 15:20:12] EDIT final/views/default/companymainpage.html: 1
[2013-04-06 15:20:50] EDIT final/views/default/companymainpage.html: 0
[2013-04-06 15:21:55] EDIT final/views/default/companymainpage.html: 0
[2013-04-06 15:22:31] EDIT final/views/default/companymainpage.html: 0
[2013-04-06 18:28:46] EDIT final/controllers/default.py: 0
[2013-04-08 15:56:39] EDIT final/controllers/default.py: 45
[2013-04-08 15:56:57] EDIT final/controllers/default.py: 0
[2013-04-08 15:57:26] EDIT final/controllers/default.py: 0
[2013-04-08 16:06:06] EDIT final/controllers/default.py: 0
[2013-04-08 16:43:28] EDIT final/controllers/default.py: 2
[2013-04-08 16:43:46] CREATE default/trya.html: 0
[2013-04-08 16:43:56] EDIT final/views/default/trya.html: 31
[2013-04-08 16:44:22] EDIT final/views/default/trya.html: 0
[2013-04-08 16:49:32] EDIT final/views/default/studentsmainpage.html: 2
[2013-04-08 16:50:05] EDIT final/views/default/studentsmainpage.html: 0
[2013-04-08 16:52:46] EDIT final/views/default/studentsmainpage.html: 30
[2013-04-08 16:56:55] EDIT final/views/default/studentsmainpage.html: -15
[2013-04-08 16:58:30] EDIT final/views/default/studentsmainpage.html: 0
[2013-04-08 16:59:39] EDIT final/views/default/studentsmainpage.html: 0
[2013-04-08 17:02:41] EDIT final/views/default/studentsmainpage.html: 0
[2013-04-08 17:08:30] EDIT final/views/default/studentsmainpage.html: 0
[2013-04-08 17:08:55] EDIT final/views/default/studentsmainpage.html: 0
[2013-04-08 17:35:02] EDIT final/controllers/default.py: 1
[2013-04-08 17:35:18] EDIT final/controllers/default.py: 0
[2013-04-08 17:37:35] EDIT final/controllers/default.py: 0
[2013-04-08 17:37:39] EDIT final/controllers/default.py: 0
[2013-04-08 17:40:34] EDIT final/views/default/studentsmainpage.html: 1
[2013-04-08 17:43:00] EDIT final/views/default/studentsmainpage.html: 0
[2013-04-08 17:44:50] EDIT final/views/default/studentsmainpage.html: 1
[2013-04-08 17:45:18] EDIT final/views/default/studentsmainpage.html: 0
[2013-04-08 17:51:57] EDIT final/views/default/studentsmainpage.html: 1
[2013-04-08 17:52:27] EDIT final/views/default/studentsmainpage.html: 0
[2013-04-08 17:58:15] EDIT final/views/default/studentsmainpage.html: -1
[2013-04-09 01:40:36] EDIT final/models/db.py: 0
[2013-04-09 01:58:24] EDIT final/views/default/studentsmainpage.html: 0
[2013-04-09 02:04:49] EDIT final/views/default/studentsmainpage.html: 0
[2013-04-09 02:05:20] EDIT final/views/default/studentsmainpage.html: 0
[2013-04-09 02:05:34] EDIT final/views/default/studentsmainpage.html: 0
[2013-04-09 02:08:04] EDIT final/views/default/studentsmainpage.html: 0
[2013-04-09 02:08:16] EDIT final/views/default/studentsmainpage.html: 0
[2013-04-09 02:12:57] EDIT final/views/default/studentsmainpage.html: 0
[2013-04-09 21:02:03] EDIT final/views/default/studentsmainpage.html: 1
[2013-04-09 21:07:05] EDIT final/views/default/studentsmainpage.html: 0
[2013-04-09 21:13:17] EDIT final/views/default/studentsmainpage.html: 0
[2013-04-09 21:19:23] EDIT final/views/default/studentsmainpage.html: 0
[2013-04-09 21:19:32] EDIT final/views/default/studentsmainpage.html: 0
[2013-04-09 21:20:25] EDIT final/views/default/studentsmainpage.html: 1
[2013-04-09 21:27:39] EDIT final/views/default/studentsmainpage.html: 0
[2013-04-09 21:28:37] EDIT final/views/default/studentsmainpage.html: 0
[2013-04-09 21:28:42] EDIT final/views/default/studentsmainpage.html: 0
[2013-04-09 21:29:06] EDIT final/views/default/studentsmainpage.html: 0
[2013-04-09 21:29:32] EDIT final/views/default/studentsmainpage.html: 0
[2013-04-09 21:31:30] EDIT final/views/default/studentsmainpage.html: 0
[2013-04-09 21:32:00] EDIT final/views/default/studentsmainpage.html: 0
[2013-04-09 21:32:27] EDIT final/views/default/studentsmainpage.html: -1
[2013-04-09 21:33:02] EDIT final/views/default/studentsmainpage.html: 1
[2013-04-09 21:34:02] EDIT final/views/default/studentsmainpage.html: 0
[2013-04-09 21:35:36] EDIT final/views/default/studentsmainpage.html: 0
[2013-04-09 21:35:42] EDIT final/views/default/studentsmainpage.html: 0
[2013-04-09 21:37:27] EDIT final/views/default/studentsmainpage.html: -1
[2013-04-09 21:40:28] EDIT final/views/default/studentsmainpage.html: 0
[2013-04-09 21:41:05] EDIT final/views/default/studentsmainpage.html: 1
[2013-04-09 21:41:33] EDIT final/views/default/studentsmainpage.html: 0
[2013-04-09 22:07:56] EDIT final/views/default/studentsmainpage.html: 0
[2013-04-09 22:07:59] EDIT final/views/default/studentsmainpage.html: 0
[2013-04-09 22:08:58] EDIT final/views/default/studentsmainpage.html: 0
[2013-04-09 22:09:36] EDIT final/views/default/studentsmainpage.html: 0
[2013-04-09 22:09:56] EDIT final/views/default/studentsmainpage.html: 0
[2013-04-09 22:28:37] EDIT final/views/default/studentsmainpage.html: -1
[2013-04-09 22:31:24] EDIT final/views/default/studentsmainpage.html: 1
[2013-04-09 22:37:12] EDIT final/views/default/studentsmainpage.html: 0
[2013-04-09 22:38:05] EDIT final/views/default/studentsmainpage.html: 0
[2013-04-09 22:39:41] EDIT final/views/default/studentsmainpage.html: 0
[2013-04-09 22:40:26] EDIT final/views/default/studentsmainpage.html: 0
[2013-04-09 22:40:44] EDIT final/views/default/studentsmainpage.html: 0
[2013-04-09 22:41:52] EDIT final/views/default/studentsmainpage.html: 0
[2013-04-09 22:42:11] EDIT final/views/default/studentsmainpage.html: 0
[2013-04-09 22:42:51] EDIT final/views/default/studentsmainpage.html: 0
[2013-04-09 22:43:46] EDIT final/views/default/studentsmainpage.html: 0
[2013-04-09 22:45:53] EDIT final/views/default/studentsmainpage.html: 0
[2013-04-09 22:46:12] EDIT final/views/default/studentsmainpage.html: 0
[2013-04-09 22:48:20] EDIT final/views/default/studentsmainpage.html: 0
[2013-04-12 22:21:45] EDIT final/views/default/index.html: 0
[2013-04-12 22:37:42] EDIT final/views/default/studentsmainpage.html: 1
[2013-04-12 22:38:45] EDIT final/views/default/studentsmainpage.html: -1
[2013-04-12 22:39:31] EDIT final/views/default/studentsmainpage.html: 0
[2013-04-12 22:39:49] DELETE final/views/plugin_layouts/layouts/Embouteillage.html: -365
[2013-04-12 22:40:20] EDIT final/views/default/index.html: 0
[2013-04-14 17:53:04] EDIT final/views/default/studentsmainpage.html: 0
[2013-04-14 17:54:06] EDIT final/views/default/studentsmainpage.html: 0
[2013-04-14 17:54:29] EDIT final/views/default/studentsmainpage.html: 0
[2013-04-14 17:59:36] EDIT final/views/default/seeingnicenotice.html: 1
[2013-04-14 17:59:42] EDIT final/views/default/seeingnicenotice.html: 0
[2013-04-14 18:01:25] EDIT final/views/default/studentsmainpage.html: 1
[2013-04-14 18:03:47] EDIT final/views/default/studentsmainpage.html: 0
[2013-04-14 18:04:16] EDIT final/views/default/studentsmainpage.html: 0
[2013-04-14 18:06:16] EDIT final/views/default/seeingnicenotice.html: 1
[2013-04-14 18:07:11] EDIT final/views/default/seeingnicenotice.html: -1
[2013-04-14 18:08:17] EDIT final/views/default/studentsmainpage.html: 0
[2013-04-14 18:12:59] EDIT final/views/default/studentsmainpage.html: 0
[2013-04-14 18:14:42] EDIT final/views/default/seeingnicenotice.html: 0
[2013-04-14 18:15:27] EDIT final/controllers/default.py: 0
[2013-04-14 18:15:48] EDIT final/controllers/default.py: 0
[2013-04-14 18:16:15] EDIT final/views/default/seeingnicenotice.html: -1
[2013-04-14 18:17:02] EDIT final/views/default/studentsmainpage.html: 0
[2013-04-14 18:18:04] EDIT final/views/default/seeingnicenotice.html: 0
[2013-04-14 18:18:19] EDIT final/views/default/seeingnicenotice.html: 0
[2013-04-14 18:19:06] EDIT final/views/default/studentsmainpage.html: 0
[2013-04-14 18:19:23] EDIT final/views/default/studentsmainpage.html: 0
[2013-04-14 18:20:24] EDIT final/views/default/studentsmainpage.html: 0
[2013-04-14 18:21:09] EDIT final/views/default/seeingnicenotice.html: -1
[2013-04-14 18:22:26] EDIT final/views/default/studentsmainpage.html: 0
[2013-04-14 18:34:48] CREATE default/listing.html: 0
[2013-04-14 18:35:02] EDIT final/views/default/listing.html: -1
[2013-04-14 18:37:42] EDIT final/controllers/default.py: 16
[2013-04-14 18:37:59] EDIT final/controllers/default.py: 0
[2013-04-14 18:39:27] EDIT final/controllers/default.py: 0
[2013-04-14 18:39:40] EDIT final/controllers/default.py: 0
[2013-04-14 18:40:32] EDIT final/controllers/default.py: 0
[2013-04-14 18:42:03] EDIT final/controllers/default.py: -3
[2013-04-14 18:43:01] EDIT final/controllers/default.py: -1
[2013-04-14 18:43:17] EDIT final/controllers/default.py: 0
[2013-04-14 18:43:49] EDIT final/controllers/default.py: 0
[2013-04-14 18:46:10] EDIT final/controllers/default.py: 0
[2013-04-14 18:47:15] EDIT final/controllers/default.py: 0
[2013-04-14 18:47:34] EDIT final/controllers/default.py: 0
[2013-04-14 18:48:00] EDIT final/controllers/default.py: 0
[2013-04-14 18:48:06] EDIT final/controllers/default.py: 0
[2013-04-14 18:52:14] EDIT final/controllers/default.py: 0
[2013-04-14 18:54:39] EDIT final/controllers/default.py: 0
[2013-04-14 18:56:17] EDIT final/controllers/default.py: 6
[2013-04-14 19:03:36] EDIT final/controllers/default.py: 0
[2013-04-14 19:04:37] EDIT final/controllers/default.py: 0
[2013-04-14 19:04:40] EDIT final/controllers/default.py: 0
[2013-04-14 19:04:53] EDIT final/controllers/default.py: 0
[2013-04-14 19:05:33] EDIT final/controllers/default.py: 0
[2013-04-14 19:06:58] EDIT final/controllers/default.py: 0
[2013-04-14 19:07:05] EDIT final/controllers/default.py: 0
[2013-04-14 19:07:48] EDIT final/controllers/default.py: 0
[2013-04-14 19:07:58] EDIT final/controllers/default.py: 0
[2013-04-14 20:18:34] EDIT final/views/default/listing.html: 0
[2013-04-14 20:20:46] EDIT final/controllers/default.py: 1
[2013-04-14 20:21:57] EDIT final/controllers/default.py: -4
[2013-04-14 20:22:47] EDIT final/controllers/default.py: 0
[2013-04-14 20:23:54] EDIT final/controllers/default.py: 0
[2013-04-14 20:24:52] EDIT final/controllers/default.py: 1
[2013-04-14 20:25:09] EDIT final/controllers/default.py: 0
[2013-04-14 20:25:33] EDIT final/controllers/default.py: 0
[2013-04-14 20:25:41] EDIT final/controllers/default.py: 0
[2013-04-14 20:25:59] EDIT final/controllers/default.py: 0
[2013-04-14 20:30:13] EDIT final/controllers/default.py: 0
[2013-04-14 20:30:58] EDIT final/controllers/default.py: 0
[2013-04-14 20:31:24] EDIT final/controllers/default.py: 0
[2013-04-14 20:31:34] EDIT final/controllers/default.py: 0
[2013-04-14 20:31:44] EDIT final/controllers/default.py: 0
[2013-04-14 20:31:55] EDIT final/controllers/default.py: 0
[2013-04-14 20:32:45] EDIT final/controllers/default.py: 0
[2013-04-14 20:33:24] EDIT final/controllers/default.py: 0
[2013-04-14 20:35:23] EDIT final/controllers/default.py: 1
[2013-04-14 20:36:21] EDIT final/controllers/default.py: 1
[2013-04-14 20:37:29] EDIT final/controllers/default.py: 2
[2013-04-14 20:38:10] EDIT final/controllers/default.py: -1
[2013-04-14 20:38:44] EDIT final/controllers/default.py: 0
[2013-04-14 20:39:00] EDIT final/controllers/default.py: 0
[2013-04-14 20:40:09] EDIT final/controllers/default.py: 0
[2013-04-14 20:40:22] EDIT final/controllers/default.py: 1
[2013-04-14 20:41:42] EDIT final/controllers/default.py: 0
[2013-04-14 20:43:08] EDIT final/controllers/default.py: 0
[2013-04-14 20:43:25] EDIT final/controllers/default.py: 0
[2013-04-14 20:43:42] EDIT final/controllers/default.py: 0
[2013-04-14 20:44:02] EDIT final/controllers/default.py: 0
[2013-04-14 20:44:54] EDIT final/controllers/default.py: 1
[2013-04-14 20:45:11] EDIT final/controllers/default.py: 0
[2013-04-14 20:45:28] EDIT final/controllers/default.py: 0
[2013-04-14 20:45:39] EDIT final/controllers/default.py: 0
[2013-04-14 20:46:09] EDIT final/controllers/default.py: 0
[2013-04-14 20:46:19] EDIT final/controllers/default.py: 0
[2013-04-14 20:47:04] EDIT final/controllers/default.py: 1
[2013-04-14 20:47:39] EDIT final/controllers/default.py: 0
[2013-04-14 20:47:47] EDIT final/controllers/default.py: 0
[2013-04-14 20:47:54] EDIT final/controllers/default.py: 0
[2013-04-14 20:48:07] EDIT final/controllers/default.py: 0
[2013-04-14 20:48:34] EDIT final/controllers/default.py: 0
[2013-04-14 20:48:42] EDIT final/controllers/default.py: 0
[2013-04-14 20:48:50] EDIT final/controllers/default.py: 0
[2013-04-14 20:49:01] EDIT final/controllers/default.py: 0
[2013-04-14 20:49:08] EDIT final/controllers/default.py: 0
[2013-04-14 20:49:14] EDIT final/controllers/default.py: 0
[2013-04-14 20:49:51] EDIT final/controllers/default.py: 1
[2013-04-14 20:50:05] EDIT final/controllers/default.py: 0
[2013-04-14 20:50:19] EDIT final/controllers/default.py: -1
[2013-04-14 20:50:27] EDIT final/controllers/default.py: 0
[2013-04-14 20:50:34] EDIT final/controllers/default.py: 0
[2013-04-14 20:51:19] EDIT final/controllers/default.py: 1
[2013-04-14 20:51:57] EDIT final/controllers/default.py: 0
[2013-04-14 20:52:05] EDIT final/controllers/default.py: 0
[2013-04-14 20:52:28] EDIT final/controllers/default.py: -1
[2013-04-14 20:53:26] EDIT final/controllers/default.py: 1
[2013-04-14 20:53:44] EDIT final/controllers/default.py: -1
[2013-04-14 20:54:01] EDIT final/controllers/default.py: 0
[2013-04-14 20:54:18] EDIT final/controllers/default.py: 0
[2013-04-14 20:54:32] EDIT final/controllers/default.py: 0
[2013-04-14 20:54:39] EDIT final/controllers/default.py: 0
[2013-04-14 20:56:02] EDIT final/controllers/default.py: 1
[2013-04-14 20:56:15] EDIT final/controllers/default.py: 0
[2013-04-14 20:57:13] EDIT final/controllers/default.py: 3
[2013-04-14 20:57:44] EDIT final/controllers/default.py: 0
[2013-04-14 20:57:58] EDIT final/controllers/default.py: 0
[2013-04-14 20:59:52] EDIT final/controllers/default.py: -1
[2013-04-14 21:00:28] EDIT final/controllers/default.py: 0
[2013-04-14 21:00:37] EDIT final/controllers/default.py: 0
[2013-04-14 21:02:38] EDIT final/controllers/default.py: 5
[2013-04-14 21:03:28] EDIT final/controllers/default.py: 1
[2013-04-14 21:06:57] EDIT final/controllers/default.py: 2
[2013-04-14 21:13:52] EDIT final/controllers/default.py: 6
[2013-04-14 21:14:41] EDIT final/controllers/default.py: 0
[2013-04-14 21:15:25] EDIT final/controllers/default.py: 0
[2013-04-14 21:16:45] EDIT final/controllers/default.py: 3
[2013-04-14 21:17:13] EDIT final/controllers/default.py: 1
[2013-04-14 21:17:38] EDIT final/controllers/default.py: 0
[2013-04-14 21:20:23] EDIT final/controllers/default.py: 1
[2013-04-14 21:27:21] EDIT final/controllers/default.py: 5
[2013-04-14 21:28:23] EDIT final/controllers/default.py: 1
[2013-04-14 21:28:47] EDIT final/controllers/default.py: 0
[2013-04-14 21:29:38] EDIT final/controllers/default.py: 0
[2013-04-14 21:30:52] EDIT final/controllers/default.py: 0
[2013-04-14 21:31:53] EDIT final/controllers/default.py: 4
[2013-04-14 21:32:11] EDIT final/controllers/default.py: 0
[2013-04-14 22:06:22] EDIT final/controllers/default.py: 5
[2013-04-14 22:07:31] EDIT final/controllers/default.py: 0
[2013-04-14 22:09:56] EDIT final/controllers/default.py: 2
[2013-04-14 22:10:29] EDIT final/controllers/default.py: 0
[2013-04-14 22:10:44] EDIT final/controllers/default.py: 0
[2013-04-14 22:13:11] EDIT final/controllers/default.py: 0
[2013-04-14 22:14:03] EDIT final/controllers/default.py: 0
[2013-04-14 22:14:50] EDIT final/controllers/default.py: 1
[2013-04-14 22:15:17] EDIT final/controllers/default.py: 0
[2013-04-14 22:15:33] EDIT final/controllers/default.py: 0
[2013-04-14 22:15:47] EDIT final/controllers/default.py: 0
[2013-04-14 22:15:55] EDIT final/controllers/default.py: 0
[2013-04-14 22:16:11] EDIT final/controllers/default.py: 0
[2013-04-14 22:17:23] EDIT final/controllers/default.py: 2
[2013-04-14 22:17:41] EDIT final/controllers/default.py: 0
[2013-04-14 22:19:56] EDIT final/controllers/default.py: 1
[2013-04-14 22:21:13] EDIT final/controllers/default.py: 7
[2013-04-14 22:32:04] EDIT final/controllers/default.py: 0
[2013-04-14 22:32:26] EDIT final/views/default/index.html: -3
[2013-04-14 22:32:40] EDIT final/views/default/index.html: -1
[2013-04-14 22:33:22] EDIT final/views/default/index.html: -1
[2013-04-14 22:33:31] EDIT final/views/default/index.html: 2
[2013-04-14 22:33:47] EDIT final/views/default/index.html: 0
[2013-04-14 22:53:08] EDIT final/views/default/index.html: 0
[2013-04-14 22:58:23] EDIT final/controllers/default.py: 2
[2013-04-15 14:05:42] EDIT final/views/default/studentsmainpage.html: 21
[2013-04-15 14:07:16] EDIT final/views/default/studentsmainpage.html: -2
[2013-04-15 14:07:38] EDIT final/views/default/studentsmainpage.html: 0
[2013-04-15 14:09:20] EDIT final/views/default/studentsmainpage.html: 2
[2013-04-15 14:16:05] EDIT final/views/default/studentsmainpage.html: 1
[2013-04-15 14:16:28] EDIT final/views/default/studentsmainpage.html: -1
[2013-04-15 14:16:37] EDIT final/views/default/studentsmainpage.html: -1
[2013-04-15 14:21:27] EDIT final/views/default/studentsmainpage.html: 0
[2013-04-15 14:22:07] EDIT final/views/default/studentsmainpage.html: 0
[2013-04-15 14:22:39] EDIT final/views/default/studentsmainpage.html: 0
[2013-04-15 14:22:58] EDIT final/views/default/studentsmainpage.html: 0
[2013-04-15 14:23:54] EDIT final/views/default/studentsmainpage.html: 0
[2013-04-15 14:24:49] EDIT final/views/default/studentsmainpage.html: 0
[2013-04-15 14:26:08] EDIT final/views/default/messagedetail.html: 10
[2013-04-15 14:27:34] EDIT final/views/default/messagedetail.html: 1
[2013-04-15 14:29:37] EDIT final/views/default/messagedetail.html: 0
[2013-04-15 14:29:50] EDIT final/views/default/messagedetail.html: -1
[2013-04-15 14:30:15] EDIT final/views/default/messagedetail.html: 0
[2013-04-15 14:31:36] EDIT final/views/default/messagedetail.html: 0
[2013-04-15 14:33:00] EDIT final/views/default/reply.html: 10
[2013-04-15 14:33:14] EDIT final/views/default/reply.html: 0
[2013-04-15 14:34:01] EDIT final/views/default/reply.html: 0
[2013-04-15 14:43:32] EDIT final/views/default/studentsmainpage.html: 0
[2013-04-15 14:45:02] EDIT final/views/default/studentsmainpage.html: 0
[2013-04-15 14:46:02] EDIT final/views/default/seeingnicenotice.html: 0
[2013-04-15 14:47:06] EDIT final/views/default/studentsmainpage.html: 0
[2013-04-15 14:48:32] EDIT final/views/default/seeingnicenotice.html: 0
[2013-04-15 14:50:22] EDIT final/views/default/seeingnicenotice.html: 0
[2013-04-15 14:50:38] EDIT final/views/default/seeingnicenotice.html: 0
[2013-04-15 14:50:41] EDIT final/views/default/seeingnicenotice.html: 0
[2013-04-15 14:53:39] EDIT final/views/default/seeingnicenotice.html: 13
[2013-04-15 14:55:43] EDIT final/views/default/seeingnicenotice.html: -26
[2013-04-15 14:57:32] EDIT final/views/default/studentsmainpage.html: 0
[2013-04-15 15:00:15] EDIT final/views/default/studentsmainpage.html: 0
[2013-04-15 15:00:51] EDIT final/views/default/studentsmainpage.html: 0
[2013-04-15 15:01:45] EDIT final/views/default/studentsmainpage.html: 0
[2013-04-15 15:01:45] EDIT final/views/default/studentsmainpage.html: 0
[2013-04-15 15:03:34] EDIT final/views/default/studentsmainpage.html: 0
[2013-04-15 15:03:41] EDIT final/views/default/studentsmainpage.html: 0
[2013-04-15 15:04:33] EDIT final/views/default/studentsmainpage.html: 0
[2013-04-15 15:05:16] EDIT final/views/default/studentsmainpage.html: -2
[2013-04-15 15:05:59] EDIT final/views/default/studentsmainpage.html: 1
[2013-04-15 15:06:27] EDIT final/views/default/studentsmainpage.html: 0
[2013-04-15 15:06:56] EDIT final/views/default/studentsmainpage.html: 0
[2013-04-15 15:09:11] EDIT final/views/default/studentsmainpage.html: 0
[2013-04-15 15:10:44] EDIT final/views/default/studentsmainpage.html: 0
[2013-04-15 15:11:35] EDIT final/views/default/studentsmainpage.html: 0
[2013-04-15 15:12:12] EDIT final/views/default/studentsmainpage.html: 0
[2013-04-15 15:12:45] EDIT final/views/default/studentsmainpage.html: 0
[2013-04-15 15:13:39] EDIT final/views/default/studentsmainpage.html: 0
[2013-04-15 15:15:15] EDIT final/views/default/seeingnicenotice.html: 1
[2013-04-15 15:16:20] EDIT final/views/default/seeingnicenotice.html: 39
[2013-04-15 15:17:17] EDIT final/views/default/seeingnicenotice.html: 0
[2013-04-15 15:17:47] EDIT final/views/default/seeingnicenotice.html: 0
[2013-04-15 15:24:46] EDIT final/views/default/profile1checkname.html: 13
[2013-04-15 15:25:35] EDIT final/views/default/profile1checkname.html: 1
[2013-04-15 15:27:49] EDIT final/views/default/profile1checkname1.html: 14
[2013-04-15 15:31:25] EDIT final/views/default/profile3college.html: 14
[2013-04-15 15:31:51] EDIT final/views/default/profile3college1.html: 13
[2013-04-15 15:32:30] EDIT final/views/default/profile3college1.html: 1
[2013-04-15 15:34:36] EDIT final/views/default/profile5pani.html: 14
[2013-04-15 15:35:38] EDIT final/views/default/profile5pani1.html: 14
[2013-04-15 15:36:04] EDIT final/views/default/profile3cgpa.html: 14
[2013-04-15 15:36:33] EDIT final/views/default/profile3cgpa1.html: 14
[2013-04-15 15:37:09] EDIT final/views/default/companyworkedin.html: 14
[2013-04-15 15:37:50] EDIT final/views/default/companyworkedin.html: 0
[2013-04-15 15:38:35] EDIT final/views/default/companyworkedin1.html: 14
[2013-04-15 15:38:38] EDIT final/views/default/companyworkedin1.html: 0
[2013-04-15 15:39:27] EDIT final/views/default/highschool.html: 14
[2013-04-15 15:39:37] EDIT final/views/default/highschool2.html: 14
[2013-04-15 15:40:31] EDIT final/views/default/project.html: 14
[2013-04-15 15:40:51] EDIT final/views/default/project1.html: 14
[2013-04-15 15:41:17] EDIT final/views/default/searching.html: 2
[2013-04-15 15:45:53] EDIT final/views/default/companyprofileview.html: 8
[2013-04-15 15:46:55] EDIT final/views/default/seeingstudentprofile.html: 8
[2013-04-15 15:54:28] EDIT final/views/default/seeingcompanyprofile.html: 61
[2013-04-15 15:56:16] EDIT final/views/default/seeingcompanyprofile.html: 0
[2013-04-15 16:21:30] EDIT final/controllers/default.py: 0
[2013-04-15 16:22:34] EDIT final/controllers/default.py: 1
[2013-04-15 16:22:58] EDIT final/controllers/default.py: 0
[2013-04-15 16:24:19] EDIT final/controllers/default.py: 0
[2013-04-15 16:25:14] EDIT final/controllers/default.py: -1
[2013-04-15 16:27:18] EDIT final/controllers/default.py: 0
[2013-04-15 16:28:48] EDIT final/controllers/default.py: 0
[2013-04-15 16:32:11] EDIT final/controllers/default.py: 0
[2013-04-15 16:39:59] EDIT final/controllers/default.py: 0
[2013-04-15 16:40:40] EDIT final/controllers/default.py: 0
[2013-04-15 18:00:01] EDIT final/controllers/default.py: 1
[2013-04-15 18:01:43] EDIT final/controllers/default.py: -1
[2013-04-15 18:22:03] EDIT final/controllers/default.py: 2
[2013-04-15 18:22:36] EDIT final/views/default/seeingstudentprofile.html: 0
[2013-04-15 18:23:03] EDIT final/controllers/default.py: 0
[2013-04-15 18:37:18] EDIT final/views/default/seeingstudentprofile.html: 0
[2013-04-15 18:38:06] EDIT final/views/default/companymainpage.html: -1
[2013-04-15 18:42:33] EDIT final/views/default/studentsmainpage.html: -1
[2013-04-15 18:43:37] EDIT final/views/default/studentsmainpage.html: 0
[2013-04-15 19:14:00] EDIT final/models/db.py: 0
[2013-04-15 19:17:10] EDIT final/models/db.py: 0
[2013-04-15 19:19:33] EDIT final/models/db.py: 0
[2013-04-15 19:21:12] EDIT final/controllers/default.py: 0
[2013-04-15 19:22:35] EDIT final/controllers/default.py: 0
[2013-04-15 19:26:52] EDIT final/views/default/seeingnicenotice.html: 0
[2013-04-15 19:27:21] EDIT final/views/default/seeingnicenotice.html: 0
[2013-04-15 19:32:46] EDIT final/controllers/default.py: 0
[2013-04-15 19:37:37] EDIT final/views/default/studentsmainpage.html: 0
[2013-04-15 19:38:26] EDIT final/views/default/studentsmainpage.html: 0
[2013-04-15 19:41:09] CREATE default/buildingstudentprofile555copyforinsert.html: 0
[2013-04-15 19:42:00] EDIT final/views/default/buildingstudentprofile555copyforinsert.html: -1
[2013-04-15 19:43:03] CREATE default/buildingstudentprofilemaincopyforinsert.html: 0
[2013-04-15 19:43:10] EDIT final/views/default/buildingstudentprofilemaincopyforinsert.html: -1
[2013-04-15 19:44:02] EDIT final/views/default/buildingstudentprofile555copyforinsert.html: 39
[2013-04-15 19:44:21] EDIT final/views/default/buildingstudentprofile555copyforinsert.html: 0
[2013-04-15 19:44:49] EDIT final/views/default/buildingstudentprofilemaincopyforinsert.html: 39
[2013-04-15 19:46:42] EDIT final/views/default/studentsmainpage.html: 1
[2013-04-15 19:47:02] EDIT final/views/default/studentsmainpage.html: 0
[2013-04-15 19:47:16] EDIT final/views/default/studentsmainpage.html: 0
[2013-04-15 19:47:39] EDIT final/views/default/studentsmainpage.html: 0
[2013-04-15 19:48:11] EDIT final/views/default/studentsmainpage.html: 0
[2013-04-15 19:48:23] EDIT final/views/default/studentsmainpage.html: 0
[2013-04-15 19:51:18] EDIT final/controllers/default.py: 7
[2013-04-15 19:53:35] EDIT final/views/default/studentsmainpage.html: 1
[2013-04-15 19:55:35] EDIT final/controllers/default.py: 0
[2013-04-15 19:56:54] EDIT final/controllers/default.py: 0
[2013-04-15 19:58:06] EDIT final/controllers/default.py: 0
[2013-04-15 20:49:36] EDIT final/controllers/default.py: 1
[2013-04-16 11:20:40] EDIT final/views/default/buildingcompanyprofile.html: 33
[2013-04-16 11:21:00] EDIT final/views/default/buildingstudentprofile.html: 33
[2013-04-16 11:21:17] EDIT final/views/default/buildingstudentprofile1.html: 33
[2013-04-16 11:22:25] EDIT final/views/default/checkpage.html: 20
[2013-04-16 11:36:23] EDIT final/views/default/buildingstudentprofile2.html: 33
[2013-04-16 11:37:39] EDIT final/views/default/buildingstudentprofile2.html: 0
[2013-04-16 11:38:48] EDIT final/views/default/buildingcompanyprofile.html: 6
[2013-04-16 11:39:08] EDIT final/views/default/buildingstudentprofile.html: 6
[2013-04-16 11:39:31] EDIT final/views/default/buildingstudentprofile1.html: 6
[2013-04-16 11:42:09] EDIT final/controllers/default.py: 0
[2013-04-16 11:42:16] EDIT final/views/default/checkpage.html: 6
[2013-04-16 11:43:01] EDIT final/views/default/checkpage555.html: 26
[2013-04-16 11:45:22] EDIT final/views/default/buildingstudentprofile2.html: 6
[2013-04-16 11:47:44] EDIT final/controllers/default.py: 0
[2013-04-16 11:48:18] EDIT final/controllers/default.py: 0
[2013-04-16 11:48:51] EDIT final/controllers/default.py: 0
[2013-04-16 12:00:01] EDIT final/models/db.py: 0
[2013-04-16 12:06:44] EDIT final/models/db.py: 0
[2013-04-16 12:15:48] EDIT final/views/default/testingpage.html: 2
[2013-04-16 12:16:25] EDIT final/views/default/testingpage.html: -2
[2013-04-16 12:16:46] EDIT final/views/default/testingpage.html: 0
[2013-04-16 12:19:02] EDIT final/views/default/testingpage555.html: 3
[2013-04-16 12:19:08] EDIT final/views/default/testingpage555.html: -3
[2013-04-16 12:20:27] EDIT final/views/default/testingpage555.html: 0
[2013-04-16 12:20:44] EDIT final/views/default/testingpage.html: 0
[2013-04-16 12:26:10] EDIT final/views/default/testingpage.html: 0
[2013-04-16 12:27:18] EDIT final/controllers/default.py: 0
[2013-04-16 12:31:28] EDIT final/controllers/default.py: 4
[2013-04-16 12:33:05] EDIT final/controllers/default.py: 3
[2013-04-16 12:33:25] EDIT final/controllers/default.py: 0
[2013-04-16 12:38:33] EDIT final/controllers/default.py: 10
[2013-04-16 12:39:21] EDIT final/controllers/default.py: 1
[2013-04-16 13:02:33] EDIT final/controllers/default.py: -1
[2013-04-16 13:05:29] EDIT final/controllers/default.py: 9
[2013-04-16 13:19:47] EDIT final/controllers/default.py: 0
[2013-04-30 16:34:42] EDIT final/models/db.py: 0
[2013-04-30 16:39:09] EDIT final/models/db.py: 0
[2013-04-30 16:44:37] EDIT final/views/default/companymainpage.html: 2
[2013-04-30 16:46:30] EDIT final/views/default/companymainpage.html: 5
[2013-04-30 16:47:22] EDIT final/views/default/companymainpage.html: 0
[2013-04-30 16:47:50] EDIT final/views/default/companymainpage.html: 0
[2013-04-30 16:49:00] EDIT final/views/default/companymainpage.html: 0
[2013-04-30 16:50:51] EDIT final/views/default/companymainpage.html: 0
[2013-04-30 16:52:11] EDIT final/views/default/studentsmainpage.html: 2
[2013-04-30 16:52:35] EDIT final/views/default/studentsmainpage.html: 0
[2013-04-30 16:55:04] EDIT final/controllers/default.py: 0
[2013-04-30 16:58:23] EDIT final/views/default/companymainpage.html: 1
[2013-04-30 16:59:18] EDIT final/controllers/default.py: 0
[2013-04-30 17:01:59] EDIT final/controllers/default.py: 6
[2013-04-30 17:03:32] EDIT final/views/default/showmessage.html: 0
[2013-04-30 17:03:42] CREATE default/ntc.html: 0
[2013-04-30 17:05:12] EDIT final/views/default/ntc.html: 56
[2013-04-30 17:07:17] EDIT final/controllers/default.py: 0
[2013-04-30 17:07:55] EDIT final/views/default/ntc.html: -3
[2013-04-30 17:08:26] EDIT final/views/default/ntc.html: 0
[2013-04-30 17:08:29] EDIT final/views/default/ntc.html: 0
[2013-04-30 17:24:47] EDIT final/models/db.py: 0
[2013-08-27 01:24:56] EDIT final/controllers/default.py: 0
[2013-08-28 04:38:18] EDIT final/controllers/default.py: 0
[2013-08-29 19:10:10] EDIT final/views/default/studentsmainpage.html: 0
[2013-08-29 20:58:49] EDIT final/views/default/index.html: 0
[2013-08-29 20:58:49] EDIT final/views/default/index.html: 0
[2013-08-29 20:58:49] EDIT final/views/default/index.html: 0
